<?xml version="1.0" encoding="UTF-8"?>
<!-- Generated by org.testng.reporters.JUnitXMLReporter -->
<testsuite ignored="5" hostname="LTIN166548" failures="0" tests="1" name="Default test" time="0.221" errors="0" timestamp="2024-02-12T11:00:38 IST">
  <testcase classname="Base.base" name="@BeforeClass driverSetup" time="-1.707715837685E9">
    <failure type="org.testng.TestNGException" message="
Parameter &amp;apos;browser&amp;apos; is required by BeforeClass on method driverSetup but has not been marked @Optional or defined
in C:\Users\2303634\AppData\Local\Temp\8\testng-eclipse-1533443883\testng-customsuite.xml">
      <![CDATA[org.testng.TestNGException: 
Parameter 'browser' is required by BeforeClass on method driverSetup but has not been marked @Optional or defined
in C:\Users\2303634\AppData\Local\Temp\8\testng-eclipse-1533443883\testng-customsuite.xml
at org.testng.internal.Parameters.createParams(Parameters.java:270)
at org.testng.internal.Parameters.createParametersForMethod(Parameters.java:358)
at org.testng.internal.Parameters.createParameters(Parameters.java:700)
at org.testng.internal.Parameters.createConfigurationParameters(Parameters.java:168)
at org.testng.internal.ConfigInvoker.invokeConfigurations(ConfigInvoker.java:302)
at org.testng.internal.TestMethodWorker.invokeBeforeClassMethods(TestMethodWorker.java:176)
at org.testng.internal.TestMethodWorker.run(TestMethodWorker.java:122)
at java.base/java.util.ArrayList.forEach(ArrayList.java:1511)
at org.testng.TestRunner.privateRun(TestRunner.java:794)
at org.testng.TestRunner.run(TestRunner.java:596)
at org.testng.SuiteRunner.runTest(SuiteRunner.java:377)
at org.testng.SuiteRunner.runSequentially(SuiteRunner.java:371)
at org.testng.SuiteRunner.privateRun(SuiteRunner.java:332)
at org.testng.SuiteRunner.run(SuiteRunner.java:276)
at org.testng.SuiteRunnerWorker.runSuite(SuiteRunnerWorker.java:53)
at org.testng.SuiteRunnerWorker.run(SuiteRunnerWorker.java:96)
at org.testng.TestNG.runSuitesSequentially(TestNG.java:1212)
at org.testng.TestNG.runSuitesLocally(TestNG.java:1134)
at org.testng.TestNG.runSuites(TestNG.java:1063)
at org.testng.TestNG.run(TestNG.java:1031)
at org.testng.remote.AbstractRemoteTestNG.run(AbstractRemoteTestNG.java:115)
at org.testng.remote.RemoteTestNG.initAndRun(RemoteTestNG.java:251)
at org.testng.remote.RemoteTestNG.main(RemoteTestNG.java:77)
]]>
    </failure>
  </testcase> <!-- @BeforeClass driverSetup -->
  <testcase classname="Base.base" name="@AfterClass closeBrowser" time="-1.70771583781E9">
    <skipped/>
  </testcase> <!-- @AfterClass closeBrowser -->
  <testcase classname="test.main" name="count_news" time="0.0">
    <skipped/>
  </testcase> <!-- count_news -->
  <testcase classname="test.main" name="news_execution" time="0.0">
    <ignored/>
  </testcase> <!-- news_execution -->
  <testcase classname="test.main" name="news_Exec" time="0.0">
    <ignored/>
  </testcase> <!-- news_Exec -->
  <testcase classname="test.main" name="check_tt" time="0.0">
    <ignored/>
  </testcase> <!-- check_tt -->
  <testcase classname="test.main" name="check" time="0.0">
    <ignored/>
  </testcase> <!-- check -->
  <testcase classname="test.main" name="apps_tools" time="0.0">
    <ignored/>
  </testcase> <!-- apps_tools -->
</testsuite> <!-- Default test -->
